<?xml version="1.0" encoding="UTF-8"?>
<testsuites>
  <testsuite name="Phing Batchtest" tests="77" assertions="212" failures="0" errors="0" time="11.089237">
    <testsuite name="SoapRpcLiteralTest" file="/home/jhahn/Apps/eclipse-galileo/workspace/AgilePHP/test/phpunit/SoapRpcLiteralTest.php" fullPackage="com.makeabyte.agilephp.test.soap" package="com.makeabyte.agilephp.test.soap" tests="12" assertions="28" failures="0" errors="0" time="3.362330">
      <testcase name="testShowAvailableMethods" class="SoapRpcLiteralTest" file="/home/jhahn/Apps/eclipse-galileo/workspace/AgilePHP/test/phpunit/SoapRpcLiteralTest.php" line="39" assertions="1" time="0.001302"/>
      <testcase name="testTest" class="SoapRpcLiteralTest" file="/home/jhahn/Apps/eclipse-galileo/workspace/AgilePHP/test/phpunit/SoapRpcLiteralTest.php" line="44" assertions="1" time="0.334218"/>
      <testcase name="testAdd" class="SoapRpcLiteralTest" file="/home/jhahn/Apps/eclipse-galileo/workspace/AgilePHP/test/phpunit/SoapRpcLiteralTest.php" line="50" assertions="1" time="0.331583"/>
      <testcase name="testSubtract" class="SoapRpcLiteralTest" file="/home/jhahn/Apps/eclipse-galileo/workspace/AgilePHP/test/phpunit/SoapRpcLiteralTest.php" line="56" assertions="1" time="0.335525"/>
      <testcase name="testMultiply" class="SoapRpcLiteralTest" file="/home/jhahn/Apps/eclipse-galileo/workspace/AgilePHP/test/phpunit/SoapRpcLiteralTest.php" line="62" assertions="1" time="0.334417"/>
      <testcase name="testDivide" class="SoapRpcLiteralTest" file="/home/jhahn/Apps/eclipse-galileo/workspace/AgilePHP/test/phpunit/SoapRpcLiteralTest.php" line="68" assertions="1" time="0.333394"/>
      <testcase name="testObjectParameterTest" class="SoapRpcLiteralTest" file="/home/jhahn/Apps/eclipse-galileo/workspace/AgilePHP/test/phpunit/SoapRpcLiteralTest.php" line="75" assertions="1" time="0.334412"/>
      <testcase name="testArrayStringTest" class="SoapRpcLiteralTest" file="/home/jhahn/Apps/eclipse-galileo/workspace/AgilePHP/test/phpunit/SoapRpcLiteralTest.php" line="81" assertions="3" time="0.334989"/>
      <testcase name="testArrayOfObjectsTest" class="SoapRpcLiteralTest" file="/home/jhahn/Apps/eclipse-galileo/workspace/AgilePHP/test/phpunit/SoapRpcLiteralTest.php" line="90" assertions="7" time="0.338720"/>
      <testcase name="testArrayOfArraysTest" class="SoapRpcLiteralTest" file="/home/jhahn/Apps/eclipse-galileo/workspace/AgilePHP/test/phpunit/SoapRpcLiteralTest.php" line="103" assertions="8" time="0.332896"/>
      <testcase name="testArrayAddTest" class="SoapRpcLiteralTest" file="/home/jhahn/Apps/eclipse-galileo/workspace/AgilePHP/test/phpunit/SoapRpcLiteralTest.php" line="118" assertions="1" time="0.349726"/>
      <testcase name="testAgilePHPNotNull" class="SoapRpcLiteralTest" file="/home/jhahn/Apps/eclipse-galileo/workspace/AgilePHP/test/phpunit/SoapRpcLiteralTest.php" line="16" assertions="2" time="0.001148"/>
    </testsuite>
    <testsuite name="RenderersTest" file="/home/jhahn/Apps/eclipse-galileo/workspace/AgilePHP/test/phpunit/RenderersTest.php" fullPackage="com.makeabyte.agilephp.test.mvc" package="com.makeabyte.agilephp.test.mvc" tests="4" assertions="3" failures="0" errors="0" time="0.167141">
      <testcase name="PHTMLRenderer" class="RenderersTest" file="/home/jhahn/Apps/eclipse-galileo/workspace/AgilePHP/test/phpunit/RenderersTest.php" line="10" assertions="0" time="0.057612"/>
      <testcase name="AJAXRendererJSON" class="RenderersTest" file="/home/jhahn/Apps/eclipse-galileo/workspace/AgilePHP/test/phpunit/RenderersTest.php" line="24" assertions="0" time="0.053669"/>
      <testcase name="AJAXRendererXML" class="RenderersTest" file="/home/jhahn/Apps/eclipse-galileo/workspace/AgilePHP/test/phpunit/RenderersTest.php" line="39" assertions="1" time="0.054741"/>
      <testcase name="testAgilePHPNotNull" class="RenderersTest" file="/home/jhahn/Apps/eclipse-galileo/workspace/AgilePHP/test/phpunit/RenderersTest.php" line="16" assertions="2" time="0.001119"/>
    </testsuite>
    <testsuite name="SoapDocumentLiteralTest" file="/home/jhahn/Apps/eclipse-galileo/workspace/AgilePHP/test/phpunit/SoapDocumentLiteralTest.php" fullPackage="com.makeabyte.agilephp.test.soap" package="com.makeabyte.agilephp.test.soap" tests="12" assertions="20" failures="0" errors="0" time="3.166092">
      <testcase name="testShowAvailableMethods" class="SoapDocumentLiteralTest" file="/home/jhahn/Apps/eclipse-galileo/workspace/AgilePHP/test/phpunit/SoapDocumentLiteralTest.php" line="69" assertions="1" time="0.001262"/>
      <testcase name="testTest" class="SoapDocumentLiteralTest" file="/home/jhahn/Apps/eclipse-galileo/workspace/AgilePHP/test/phpunit/SoapDocumentLiteralTest.php" line="74" assertions="1" time="0.341366"/>
      <testcase name="testAdd" class="SoapDocumentLiteralTest" file="/home/jhahn/Apps/eclipse-galileo/workspace/AgilePHP/test/phpunit/SoapDocumentLiteralTest.php" line="80" assertions="1" time="0.350393"/>
      <testcase name="testSubtract" class="SoapDocumentLiteralTest" file="/home/jhahn/Apps/eclipse-galileo/workspace/AgilePHP/test/phpunit/SoapDocumentLiteralTest.php" line="90" assertions="1" time="0.357032"/>
      <testcase name="testMultiply" class="SoapDocumentLiteralTest" file="/home/jhahn/Apps/eclipse-galileo/workspace/AgilePHP/test/phpunit/SoapDocumentLiteralTest.php" line="100" assertions="1" time="0.350124"/>
      <testcase name="testDivide" class="SoapDocumentLiteralTest" file="/home/jhahn/Apps/eclipse-galileo/workspace/AgilePHP/test/phpunit/SoapDocumentLiteralTest.php" line="110" assertions="1" time="0.344299"/>
      <testcase name="testObjectParameterTest" class="SoapDocumentLiteralTest" file="/home/jhahn/Apps/eclipse-galileo/workspace/AgilePHP/test/phpunit/SoapDocumentLiteralTest.php" line="120" assertions="1" time="0.354744"/>
      <testcase name="testArrayStringTest" class="SoapDocumentLiteralTest" file="/home/jhahn/Apps/eclipse-galileo/workspace/AgilePHP/test/phpunit/SoapDocumentLiteralTest.php" line="129" assertions="3" time="0.354632"/>
      <testcase name="testArrayOfObjectsTest" class="SoapDocumentLiteralTest" file="/home/jhahn/Apps/eclipse-galileo/workspace/AgilePHP/test/phpunit/SoapDocumentLiteralTest.php" line="141" assertions="7" time="0.355398"/>
      <testcase name="testArrayOfArraysTest" class="SoapDocumentLiteralTest" file="/home/jhahn/Apps/eclipse-galileo/workspace/AgilePHP/test/phpunit/SoapDocumentLiteralTest.php" line="157" assertions="0" time="0.001102"/>
      <testcase name="testArrayAddTest" class="SoapDocumentLiteralTest" file="/home/jhahn/Apps/eclipse-galileo/workspace/AgilePHP/test/phpunit/SoapDocumentLiteralTest.php" line="172" assertions="1" time="0.354625"/>
      <testcase name="testAgilePHPNotNull" class="SoapDocumentLiteralTest" file="/home/jhahn/Apps/eclipse-galileo/workspace/AgilePHP/test/phpunit/SoapDocumentLiteralTest.php" line="16" assertions="2" time="0.001115"/>
    </testsuite>
    <testsuite name="AnnotationTest" file="/home/jhahn/Apps/eclipse-galileo/workspace/AgilePHP/test/phpunit/AnnotationTest.php" fullPackage="com.makeabyte.agilephp.test.annotation" package="com.makeabyte.agilephp.test.annotation" tests="5" assertions="45" failures="0" errors="0" time="0.302287">
      <testcase name="getClassLevelAnnotations" class="AnnotationTest" file="/home/jhahn/Apps/eclipse-galileo/workspace/AgilePHP/test/phpunit/AnnotationTest.php" line="11" assertions="23" time="0.295749"/>
      <testcase name="getMethodAnnoationsByMethodName" class="AnnotationTest" file="/home/jhahn/Apps/eclipse-galileo/workspace/AgilePHP/test/phpunit/AnnotationTest.php" line="58" assertions="9" time="0.001838"/>
      <testcase name="getMethodLevelAnnotations" class="AnnotationTest" file="/home/jhahn/Apps/eclipse-galileo/workspace/AgilePHP/test/phpunit/AnnotationTest.php" line="90" assertions="5" time="0.001711"/>
      <testcase name="getPropertyLevelAnnotations" class="AnnotationTest" file="/home/jhahn/Apps/eclipse-galileo/workspace/AgilePHP/test/phpunit/AnnotationTest.php" line="109" assertions="6" time="0.001734"/>
      <testcase name="testAgilePHPNotNull" class="AnnotationTest" file="/home/jhahn/Apps/eclipse-galileo/workspace/AgilePHP/test/phpunit/AnnotationTest.php" line="16" assertions="2" time="0.001255"/>
    </testsuite>
    <testsuite name="MySQLTest" file="/home/jhahn/Apps/eclipse-galileo/workspace/AgilePHP/test/phpunit/persistence/MySQLTest.php" fullPackage="com.makeabyte.agilephp.test.persistence" package="com.makeabyte.agilephp.test.persistence" tests="28" assertions="84" failures="0" errors="0" time="0.503766">
      <testcase name="testPersistenceNotNull" class="MySQLTest" file="/home/jhahn/Apps/eclipse-galileo/workspace/AgilePHP/test/phpunit/persistence/MySQLTest.php" line="15" assertions="2" time="0.001094"/>
      <testcase name="testCreate" class="MySQLTest" file="/home/jhahn/Apps/eclipse-galileo/workspace/AgilePHP/test/phpunit/persistence/MySQLTest.php" line="20" assertions="0" time="0.099433"/>
      <testcase name="testCreateTable" class="MySQLTest" file="/home/jhahn/Apps/eclipse-galileo/workspace/AgilePHP/test/phpunit/persistence/MySQLTest.php" line="25" assertions="0" time="0.012901"/>
      <testcase name="testDropTable" class="MySQLTest" file="/home/jhahn/Apps/eclipse-galileo/workspace/AgilePHP/test/phpunit/persistence/MySQLTest.php" line="30" assertions="0" time="0.002249"/>
      <testcase name="testPersistWithNewForeignKey" class="MySQLTest" file="/home/jhahn/Apps/eclipse-galileo/workspace/AgilePHP/test/phpunit/persistence/MySQLTest.php" line="52" assertions="4" time="0.090795"/>
      <testcase name="testPersistWithExistingForeignKey" class="MySQLTest" file="/home/jhahn/Apps/eclipse-galileo/workspace/AgilePHP/test/phpunit/persistence/MySQLTest.php" line="73" assertions="5" time="0.016345"/>
      <testcase name="testMergeWithNewForeignKey" class="MySQLTest" file="/home/jhahn/Apps/eclipse-galileo/workspace/AgilePHP/test/phpunit/persistence/MySQLTest.php" line="99" assertions="5" time="0.021828"/>
      <testcase name="testMergeWithExistingForeignKey" class="MySQLTest" file="/home/jhahn/Apps/eclipse-galileo/workspace/AgilePHP/test/phpunit/persistence/MySQLTest.php" line="126" assertions="10" time="0.027032"/>
      <testcase name="testTable1Find" class="MySQLTest" file="/home/jhahn/Apps/eclipse-galileo/workspace/AgilePHP/test/phpunit/persistence/MySQLTest.php" line="161" assertions="3" time="0.017260"/>
      <testcase name="testConstraint" class="MySQLTest" file="/home/jhahn/Apps/eclipse-galileo/workspace/AgilePHP/test/phpunit/persistence/MySQLTest.php" line="174" assertions="0" time="0.059027"/>
      <testcase name="testPersist" class="MySQLTest" file="/home/jhahn/Apps/eclipse-galileo/workspace/AgilePHP/test/phpunit/persistence/MySQLTest.php" line="189" assertions="2" time="0.026613"/>
      <testcase name="testFind" class="MySQLTest" file="/home/jhahn/Apps/eclipse-galileo/workspace/AgilePHP/test/phpunit/persistence/MySQLTest.php" line="201" assertions="2" time="0.033362"/>
      <testcase name="testRestrictedFind" class="MySQLTest" file="/home/jhahn/Apps/eclipse-galileo/workspace/AgilePHP/test/phpunit/persistence/MySQLTest.php" line="208" assertions="3" time="0.014671"/>
      <testcase name="testMerge" class="MySQLTest" file="/home/jhahn/Apps/eclipse-galileo/workspace/AgilePHP/test/phpunit/persistence/MySQLTest.php" line="217" assertions="0" time="0.026312"/>
      <testcase name="testDelete" class="MySQLTest" file="/home/jhahn/Apps/eclipse-galileo/workspace/AgilePHP/test/phpunit/persistence/MySQLTest.php" line="225" assertions="2" time="0.029687"/>
      <testcase name="testGetTableByModel" class="MySQLTest" file="/home/jhahn/Apps/eclipse-galileo/workspace/AgilePHP/test/phpunit/persistence/MySQLTest.php" line="234" assertions="3" time="0.001270"/>
      <testcase name="testGetTableByModelName" class="MySQLTest" file="/home/jhahn/Apps/eclipse-galileo/workspace/AgilePHP/test/phpunit/persistence/MySQLTest.php" line="243" assertions="3" time="0.001148"/>
      <testcase name="testGetTableByName" class="MySQLTest" file="/home/jhahn/Apps/eclipse-galileo/workspace/AgilePHP/test/phpunit/persistence/MySQLTest.php" line="251" assertions="3" time="0.001151"/>
      <testcase name="testGetIdentityTable" class="MySQLTest" file="/home/jhahn/Apps/eclipse-galileo/workspace/AgilePHP/test/phpunit/persistence/MySQLTest.php" line="259" assertions="3" time="0.001147"/>
      <testcase name="testGetIdentityModel" class="MySQLTest" file="/home/jhahn/Apps/eclipse-galileo/workspace/AgilePHP/test/phpunit/persistence/MySQLTest.php" line="267" assertions="3" time="0.001359"/>
      <testcase name="testGetSessionTable" class="MySQLTest" file="/home/jhahn/Apps/eclipse-galileo/workspace/AgilePHP/test/phpunit/persistence/MySQLTest.php" line="277" assertions="3" time="0.001145"/>
      <testcase name="testGetSessionModel" class="MySQLTest" file="/home/jhahn/Apps/eclipse-galileo/workspace/AgilePHP/test/phpunit/persistence/MySQLTest.php" line="285" assertions="3" time="0.001155"/>
      <testcase name="testGetPrimaryKeyColumns" class="MySQLTest" file="/home/jhahn/Apps/eclipse-galileo/workspace/AgilePHP/test/phpunit/persistence/MySQLTest.php" line="295" assertions="4" time="0.001182"/>
      <testcase name="testGetForeignKeyColumns" class="MySQLTest" file="/home/jhahn/Apps/eclipse-galileo/workspace/AgilePHP/test/phpunit/persistence/MySQLTest.php" line="305" assertions="4" time="0.001205"/>
      <testcase name="testGetForeignKeys" class="MySQLTest" file="/home/jhahn/Apps/eclipse-galileo/workspace/AgilePHP/test/phpunit/persistence/MySQLTest.php" line="315" assertions="7" time="0.001293"/>
      <testcase name="testGetForeignKeyTableAndColumnInstances" class="MySQLTest" file="/home/jhahn/Apps/eclipse-galileo/workspace/AgilePHP/test/phpunit/persistence/MySQLTest.php" line="331" assertions="8" time="0.001300"/>
      <testcase name="testDrop" class="MySQLTest" file="/home/jhahn/Apps/eclipse-galileo/workspace/AgilePHP/test/phpunit/persistence/MySQLTest.php" line="345" assertions="0" time="0.010692"/>
      <testcase name="testAgilePHPNotNull" class="MySQLTest" file="/home/jhahn/Apps/eclipse-galileo/workspace/AgilePHP/test/phpunit/persistence/MySQLTest.php" line="16" assertions="2" time="0.001111"/>
    </testsuite>
    <testsuite name="InterceptorTest" file="/home/jhahn/Apps/eclipse-galileo/workspace/AgilePHP/test/phpunit/InterceptorTest.php" fullPackage="com.makeabyte.agilephp.test.interception" package="com.makeabyte.agilephp.test.interception" tests="4" assertions="5" failures="0" errors="0" time="0.153227">
      <testcase name="changeMethodParameterAndInjectLoggerTest" class="InterceptorTest" file="/home/jhahn/Apps/eclipse-galileo/workspace/AgilePHP/test/phpunit/InterceptorTest.php" line="15" assertions="1" time="0.147010"/>
      <testcase name="RestrictInterceptorTest" class="InterceptorTest" file="/home/jhahn/Apps/eclipse-galileo/workspace/AgilePHP/test/phpunit/InterceptorTest.php" line="28" assertions="1" time="0.002647"/>
      <testcase name="LoggedInInterceptorTest" class="InterceptorTest" file="/home/jhahn/Apps/eclipse-galileo/workspace/AgilePHP/test/phpunit/InterceptorTest.php" line="45" assertions="1" time="0.002457"/>
      <testcase name="testAgilePHPNotNull" class="InterceptorTest" file="/home/jhahn/Apps/eclipse-galileo/workspace/AgilePHP/test/phpunit/InterceptorTest.php" line="16" assertions="2" time="0.001113"/>
    </testsuite>
    <testsuite name="SoapRpcEncodedTest" file="/home/jhahn/Apps/eclipse-galileo/workspace/AgilePHP/test/phpunit/SoapRpcEncodedTest.php" fullPackage="com.makeabyte.agilephp.test.soap" package="com.makeabyte.agilephp.test.soap" tests="12" assertions="27" failures="0" errors="0" time="3.434394">
      <testcase name="testShowAvailableMethods" class="SoapRpcEncodedTest" file="/home/jhahn/Apps/eclipse-galileo/workspace/AgilePHP/test/phpunit/SoapRpcEncodedTest.php" line="33" assertions="1" time="0.001135"/>
      <testcase name="testTest" class="SoapRpcEncodedTest" file="/home/jhahn/Apps/eclipse-galileo/workspace/AgilePHP/test/phpunit/SoapRpcEncodedTest.php" line="38" assertions="1" time="0.333491"/>
      <testcase name="testAdd" class="SoapRpcEncodedTest" file="/home/jhahn/Apps/eclipse-galileo/workspace/AgilePHP/test/phpunit/SoapRpcEncodedTest.php" line="44" assertions="1" time="0.335430"/>
      <testcase name="testSubtract" class="SoapRpcEncodedTest" file="/home/jhahn/Apps/eclipse-galileo/workspace/AgilePHP/test/phpunit/SoapRpcEncodedTest.php" line="50" assertions="1" time="0.335056"/>
      <testcase name="testMultiply" class="SoapRpcEncodedTest" file="/home/jhahn/Apps/eclipse-galileo/workspace/AgilePHP/test/phpunit/SoapRpcEncodedTest.php" line="56" assertions="1" time="0.338749"/>
      <testcase name="testDivide" class="SoapRpcEncodedTest" file="/home/jhahn/Apps/eclipse-galileo/workspace/AgilePHP/test/phpunit/SoapRpcEncodedTest.php" line="62" assertions="1" time="0.341289"/>
      <testcase name="testObjectParameterTest" class="SoapRpcEncodedTest" file="/home/jhahn/Apps/eclipse-galileo/workspace/AgilePHP/test/phpunit/SoapRpcEncodedTest.php" line="68" assertions="1" time="0.335857"/>
      <testcase name="testArrayStringTest" class="SoapRpcEncodedTest" file="/home/jhahn/Apps/eclipse-galileo/workspace/AgilePHP/test/phpunit/SoapRpcEncodedTest.php" line="74" assertions="3" time="0.347777"/>
      <testcase name="testArrayOfObjectsTest" class="SoapRpcEncodedTest" file="/home/jhahn/Apps/eclipse-galileo/workspace/AgilePHP/test/phpunit/SoapRpcEncodedTest.php" line="82" assertions="7" time="0.333895"/>
      <testcase name="testArrayOfArraysTest" class="SoapRpcEncodedTest" file="/home/jhahn/Apps/eclipse-galileo/workspace/AgilePHP/test/phpunit/SoapRpcEncodedTest.php" line="95" assertions="7" time="0.381248"/>
      <testcase name="testArrayAddTest" class="SoapRpcEncodedTest" file="/home/jhahn/Apps/eclipse-galileo/workspace/AgilePHP/test/phpunit/SoapRpcEncodedTest.php" line="107" assertions="1" time="0.349345"/>
      <testcase name="testAgilePHPNotNull" class="SoapRpcEncodedTest" file="/home/jhahn/Apps/eclipse-galileo/workspace/AgilePHP/test/phpunit/SoapRpcEncodedTest.php" line="16" assertions="2" time="0.001122"/>
    </testsuite>
  </testsuite>
</testsuites>
