<?xml version="1.0" encoding="UTF-8"?>
<testsuites>
  <testsuite name="Phing Batchtest" tests="93" assertions="227" failures="0" errors="0" time="9.665014">
    <testsuite name="SoapRpcLiteralTest" file="/home/jhahn/Apps/eclipse-galileo/workspace/AgilePHP/test/phpunit/SoapRpcLiteralTest.php" fullPackage="com.makeabyte.agilephp.test.webservice.soap" package="com.makeabyte.agilephp.test.webservice.soap" tests="12" assertions="28" failures="0" errors="0" time="2.494197">
      <testcase name="testShowAvailableMethods" class="SoapRpcLiteralTest" file="/home/jhahn/Apps/eclipse-galileo/workspace/AgilePHP/test/phpunit/SoapRpcLiteralTest.php" line="39" assertions="1" time="0.001394"/>
      <testcase name="testTest" class="SoapRpcLiteralTest" file="/home/jhahn/Apps/eclipse-galileo/workspace/AgilePHP/test/phpunit/SoapRpcLiteralTest.php" line="44" assertions="1" time="0.252218"/>
      <testcase name="testAdd" class="SoapRpcLiteralTest" file="/home/jhahn/Apps/eclipse-galileo/workspace/AgilePHP/test/phpunit/SoapRpcLiteralTest.php" line="50" assertions="1" time="0.251373"/>
      <testcase name="testSubtract" class="SoapRpcLiteralTest" file="/home/jhahn/Apps/eclipse-galileo/workspace/AgilePHP/test/phpunit/SoapRpcLiteralTest.php" line="56" assertions="1" time="0.256009"/>
      <testcase name="testMultiply" class="SoapRpcLiteralTest" file="/home/jhahn/Apps/eclipse-galileo/workspace/AgilePHP/test/phpunit/SoapRpcLiteralTest.php" line="62" assertions="1" time="0.253085"/>
      <testcase name="testDivide" class="SoapRpcLiteralTest" file="/home/jhahn/Apps/eclipse-galileo/workspace/AgilePHP/test/phpunit/SoapRpcLiteralTest.php" line="68" assertions="1" time="0.255848"/>
      <testcase name="testObjectParameterTest" class="SoapRpcLiteralTest" file="/home/jhahn/Apps/eclipse-galileo/workspace/AgilePHP/test/phpunit/SoapRpcLiteralTest.php" line="75" assertions="1" time="0.255139"/>
      <testcase name="testArrayStringTest" class="SoapRpcLiteralTest" file="/home/jhahn/Apps/eclipse-galileo/workspace/AgilePHP/test/phpunit/SoapRpcLiteralTest.php" line="81" assertions="3" time="0.245037"/>
      <testcase name="testArrayOfObjectsTest" class="SoapRpcLiteralTest" file="/home/jhahn/Apps/eclipse-galileo/workspace/AgilePHP/test/phpunit/SoapRpcLiteralTest.php" line="90" assertions="7" time="0.254137"/>
      <testcase name="testArrayOfArraysTest" class="SoapRpcLiteralTest" file="/home/jhahn/Apps/eclipse-galileo/workspace/AgilePHP/test/phpunit/SoapRpcLiteralTest.php" line="103" assertions="8" time="0.234343"/>
      <testcase name="testArrayAddTest" class="SoapRpcLiteralTest" file="/home/jhahn/Apps/eclipse-galileo/workspace/AgilePHP/test/phpunit/SoapRpcLiteralTest.php" line="118" assertions="1" time="0.234448"/>
      <testcase name="testAgilePHPNotNull" class="SoapRpcLiteralTest" file="/home/jhahn/Apps/eclipse-galileo/workspace/AgilePHP/test/phpunit/SoapRpcLiteralTest.php" line="16" assertions="2" time="0.001166"/>
    </testsuite>
    <testsuite name="RenderersTest" file="/home/jhahn/Apps/eclipse-galileo/workspace/AgilePHP/test/phpunit/RenderersTest.php" fullPackage="com.makeabyte.agilephp.test.mvc" package="com.makeabyte.agilephp.test.mvc" tests="4" assertions="3" failures="0" errors="0" time="0.317156">
      <testcase name="PHTMLRenderer" class="RenderersTest" file="/home/jhahn/Apps/eclipse-galileo/workspace/AgilePHP/test/phpunit/RenderersTest.php" line="10" assertions="0" time="0.105514"/>
      <testcase name="AJAXRendererJSON" class="RenderersTest" file="/home/jhahn/Apps/eclipse-galileo/workspace/AgilePHP/test/phpunit/RenderersTest.php" line="24" assertions="0" time="0.105720"/>
      <testcase name="AJAXRendererXML" class="RenderersTest" file="/home/jhahn/Apps/eclipse-galileo/workspace/AgilePHP/test/phpunit/RenderersTest.php" line="39" assertions="1" time="0.104766"/>
      <testcase name="testAgilePHPNotNull" class="RenderersTest" file="/home/jhahn/Apps/eclipse-galileo/workspace/AgilePHP/test/phpunit/RenderersTest.php" line="16" assertions="2" time="0.001156"/>
    </testsuite>
    <testsuite name="SoapDocumentLiteralTest" file="/home/jhahn/Apps/eclipse-galileo/workspace/AgilePHP/test/phpunit/SoapDocumentLiteralTest.php" fullPackage="com.makeabyte.agilephp.test.webservice.soap" package="com.makeabyte.agilephp.test.webservice.soap" tests="12" assertions="20" failures="0" errors="0" time="2.409194">
      <testcase name="testShowAvailableMethods" class="SoapDocumentLiteralTest" file="/home/jhahn/Apps/eclipse-galileo/workspace/AgilePHP/test/phpunit/SoapDocumentLiteralTest.php" line="69" assertions="1" time="0.001177"/>
      <testcase name="testTest" class="SoapDocumentLiteralTest" file="/home/jhahn/Apps/eclipse-galileo/workspace/AgilePHP/test/phpunit/SoapDocumentLiteralTest.php" line="74" assertions="1" time="0.263671"/>
      <testcase name="testAdd" class="SoapDocumentLiteralTest" file="/home/jhahn/Apps/eclipse-galileo/workspace/AgilePHP/test/phpunit/SoapDocumentLiteralTest.php" line="80" assertions="1" time="0.264849"/>
      <testcase name="testSubtract" class="SoapDocumentLiteralTest" file="/home/jhahn/Apps/eclipse-galileo/workspace/AgilePHP/test/phpunit/SoapDocumentLiteralTest.php" line="90" assertions="1" time="0.263350"/>
      <testcase name="testMultiply" class="SoapDocumentLiteralTest" file="/home/jhahn/Apps/eclipse-galileo/workspace/AgilePHP/test/phpunit/SoapDocumentLiteralTest.php" line="100" assertions="1" time="0.269015"/>
      <testcase name="testDivide" class="SoapDocumentLiteralTest" file="/home/jhahn/Apps/eclipse-galileo/workspace/AgilePHP/test/phpunit/SoapDocumentLiteralTest.php" line="110" assertions="1" time="0.271403"/>
      <testcase name="testObjectParameterTest" class="SoapDocumentLiteralTest" file="/home/jhahn/Apps/eclipse-galileo/workspace/AgilePHP/test/phpunit/SoapDocumentLiteralTest.php" line="120" assertions="1" time="0.267915"/>
      <testcase name="testArrayStringTest" class="SoapDocumentLiteralTest" file="/home/jhahn/Apps/eclipse-galileo/workspace/AgilePHP/test/phpunit/SoapDocumentLiteralTest.php" line="129" assertions="3" time="0.268120"/>
      <testcase name="testArrayOfObjectsTest" class="SoapDocumentLiteralTest" file="/home/jhahn/Apps/eclipse-galileo/workspace/AgilePHP/test/phpunit/SoapDocumentLiteralTest.php" line="141" assertions="7" time="0.268984"/>
      <testcase name="testArrayOfArraysTest" class="SoapDocumentLiteralTest" file="/home/jhahn/Apps/eclipse-galileo/workspace/AgilePHP/test/phpunit/SoapDocumentLiteralTest.php" line="157" assertions="0" time="0.001224"/>
      <testcase name="testArrayAddTest" class="SoapDocumentLiteralTest" file="/home/jhahn/Apps/eclipse-galileo/workspace/AgilePHP/test/phpunit/SoapDocumentLiteralTest.php" line="172" assertions="1" time="0.268211"/>
      <testcase name="testAgilePHPNotNull" class="SoapDocumentLiteralTest" file="/home/jhahn/Apps/eclipse-galileo/workspace/AgilePHP/test/phpunit/SoapDocumentLiteralTest.php" line="16" assertions="2" time="0.001275"/>
    </testsuite>
    <testsuite name="AnnotationTest" file="/home/jhahn/Apps/eclipse-galileo/workspace/AgilePHP/test/phpunit/AnnotationTest.php" fullPackage="com.makeabyte.agilephp.test.annotation" package="com.makeabyte.agilephp.test.annotation" tests="5" assertions="45" failures="0" errors="0" time="0.400141">
      <testcase name="getClassLevelAnnotations" class="AnnotationTest" file="/home/jhahn/Apps/eclipse-galileo/workspace/AgilePHP/test/phpunit/AnnotationTest.php" line="11" assertions="23" time="0.392874"/>
      <testcase name="getMethodAnnoationsByMethodName" class="AnnotationTest" file="/home/jhahn/Apps/eclipse-galileo/workspace/AgilePHP/test/phpunit/AnnotationTest.php" line="58" assertions="9" time="0.001976"/>
      <testcase name="getMethodLevelAnnotations" class="AnnotationTest" file="/home/jhahn/Apps/eclipse-galileo/workspace/AgilePHP/test/phpunit/AnnotationTest.php" line="90" assertions="5" time="0.002053"/>
      <testcase name="getPropertyLevelAnnotations" class="AnnotationTest" file="/home/jhahn/Apps/eclipse-galileo/workspace/AgilePHP/test/phpunit/AnnotationTest.php" line="109" assertions="6" time="0.001982"/>
      <testcase name="testAgilePHPNotNull" class="AnnotationTest" file="/home/jhahn/Apps/eclipse-galileo/workspace/AgilePHP/test/phpunit/AnnotationTest.php" line="16" assertions="2" time="0.001256"/>
    </testsuite>
    <testsuite name="FileLoggerTest" file="/home/jhahn/Apps/eclipse-galileo/workspace/AgilePHP/test/phpunit/FileLoggerTest.php" fullPackage="com.makeabyte.agilephp.test.logger" package="com.makeabyte.agilephp.test.logger" tests="9" assertions="10" failures="0" errors="0" time="0.014695">
      <testcase name="info" class="FileLoggerTest" file="/home/jhahn/Apps/eclipse-galileo/workspace/AgilePHP/test/phpunit/FileLoggerTest.php" line="17" assertions="1" time="0.001952"/>
      <testcase name="warn" class="FileLoggerTest" file="/home/jhahn/Apps/eclipse-galileo/workspace/AgilePHP/test/phpunit/FileLoggerTest.php" line="30" assertions="1" time="0.001755"/>
      <testcase name="error" class="FileLoggerTest" file="/home/jhahn/Apps/eclipse-galileo/workspace/AgilePHP/test/phpunit/FileLoggerTest.php" line="43" assertions="1" time="0.001686"/>
      <testcase name="debug" class="FileLoggerTest" file="/home/jhahn/Apps/eclipse-galileo/workspace/AgilePHP/test/phpunit/FileLoggerTest.php" line="56" assertions="1" time="0.001628"/>
      <testcase name="singleton_info" class="FileLoggerTest" file="/home/jhahn/Apps/eclipse-galileo/workspace/AgilePHP/test/phpunit/FileLoggerTest.php" line="69" assertions="1" time="0.001636"/>
      <testcase name="singleton_warn" class="FileLoggerTest" file="/home/jhahn/Apps/eclipse-galileo/workspace/AgilePHP/test/phpunit/FileLoggerTest.php" line="82" assertions="1" time="0.001575"/>
      <testcase name="singleton_error" class="FileLoggerTest" file="/home/jhahn/Apps/eclipse-galileo/workspace/AgilePHP/test/phpunit/FileLoggerTest.php" line="95" assertions="1" time="0.001551"/>
      <testcase name="singleton_debug" class="FileLoggerTest" file="/home/jhahn/Apps/eclipse-galileo/workspace/AgilePHP/test/phpunit/FileLoggerTest.php" line="108" assertions="1" time="0.001619"/>
      <testcase name="testAgilePHPNotNull" class="FileLoggerTest" file="/home/jhahn/Apps/eclipse-galileo/workspace/AgilePHP/test/phpunit/FileLoggerTest.php" line="16" assertions="2" time="0.001293"/>
    </testsuite>
    <testsuite name="MySQLTest" file="/home/jhahn/Apps/eclipse-galileo/workspace/AgilePHP/test/phpunit/persistence/MySQLTest.php" fullPackage="com.makeabyte.agilephp.test.persistence" package="com.makeabyte.agilephp.test.persistence" tests="28" assertions="84" failures="0" errors="0" time="0.894247">
      <testcase name="testPersistenceNotNull" class="MySQLTest" file="/home/jhahn/Apps/eclipse-galileo/workspace/AgilePHP/test/phpunit/persistence/MySQLTest.php" line="15" assertions="2" time="0.001264"/>
      <testcase name="testCreate" class="MySQLTest" file="/home/jhahn/Apps/eclipse-galileo/workspace/AgilePHP/test/phpunit/persistence/MySQLTest.php" line="20" assertions="0" time="0.103973"/>
      <testcase name="testCreateTable" class="MySQLTest" file="/home/jhahn/Apps/eclipse-galileo/workspace/AgilePHP/test/phpunit/persistence/MySQLTest.php" line="25" assertions="0" time="0.009082"/>
      <testcase name="testDropTable" class="MySQLTest" file="/home/jhahn/Apps/eclipse-galileo/workspace/AgilePHP/test/phpunit/persistence/MySQLTest.php" line="30" assertions="0" time="0.002475"/>
      <testcase name="testPersistWithNewForeignKey" class="MySQLTest" file="/home/jhahn/Apps/eclipse-galileo/workspace/AgilePHP/test/phpunit/persistence/MySQLTest.php" line="52" assertions="4" time="0.134334"/>
      <testcase name="testPersistWithExistingForeignKey" class="MySQLTest" file="/home/jhahn/Apps/eclipse-galileo/workspace/AgilePHP/test/phpunit/persistence/MySQLTest.php" line="73" assertions="5" time="0.014898"/>
      <testcase name="testMergeWithNewForeignKey" class="MySQLTest" file="/home/jhahn/Apps/eclipse-galileo/workspace/AgilePHP/test/phpunit/persistence/MySQLTest.php" line="99" assertions="5" time="0.038813"/>
      <testcase name="testMergeWithExistingForeignKey" class="MySQLTest" file="/home/jhahn/Apps/eclipse-galileo/workspace/AgilePHP/test/phpunit/persistence/MySQLTest.php" line="126" assertions="10" time="0.024779"/>
      <testcase name="testTable1Find" class="MySQLTest" file="/home/jhahn/Apps/eclipse-galileo/workspace/AgilePHP/test/phpunit/persistence/MySQLTest.php" line="161" assertions="3" time="0.017385"/>
      <testcase name="testConstraint" class="MySQLTest" file="/home/jhahn/Apps/eclipse-galileo/workspace/AgilePHP/test/phpunit/persistence/MySQLTest.php" line="174" assertions="0" time="0.213592"/>
      <testcase name="testPersist" class="MySQLTest" file="/home/jhahn/Apps/eclipse-galileo/workspace/AgilePHP/test/phpunit/persistence/MySQLTest.php" line="189" assertions="2" time="0.102546"/>
      <testcase name="testFind" class="MySQLTest" file="/home/jhahn/Apps/eclipse-galileo/workspace/AgilePHP/test/phpunit/persistence/MySQLTest.php" line="201" assertions="2" time="0.034676"/>
      <testcase name="testRestrictedFind" class="MySQLTest" file="/home/jhahn/Apps/eclipse-galileo/workspace/AgilePHP/test/phpunit/persistence/MySQLTest.php" line="208" assertions="3" time="0.015154"/>
      <testcase name="testMerge" class="MySQLTest" file="/home/jhahn/Apps/eclipse-galileo/workspace/AgilePHP/test/phpunit/persistence/MySQLTest.php" line="217" assertions="0" time="0.090141"/>
      <testcase name="testDelete" class="MySQLTest" file="/home/jhahn/Apps/eclipse-galileo/workspace/AgilePHP/test/phpunit/persistence/MySQLTest.php" line="225" assertions="2" time="0.058311"/>
      <testcase name="testGetTableByModel" class="MySQLTest" file="/home/jhahn/Apps/eclipse-galileo/workspace/AgilePHP/test/phpunit/persistence/MySQLTest.php" line="234" assertions="3" time="0.001383"/>
      <testcase name="testGetTableByModelName" class="MySQLTest" file="/home/jhahn/Apps/eclipse-galileo/workspace/AgilePHP/test/phpunit/persistence/MySQLTest.php" line="243" assertions="3" time="0.001235"/>
      <testcase name="testGetTableByName" class="MySQLTest" file="/home/jhahn/Apps/eclipse-galileo/workspace/AgilePHP/test/phpunit/persistence/MySQLTest.php" line="251" assertions="3" time="0.001176"/>
      <testcase name="testGetIdentityTable" class="MySQLTest" file="/home/jhahn/Apps/eclipse-galileo/workspace/AgilePHP/test/phpunit/persistence/MySQLTest.php" line="259" assertions="3" time="0.001169"/>
      <testcase name="testGetIdentityModel" class="MySQLTest" file="/home/jhahn/Apps/eclipse-galileo/workspace/AgilePHP/test/phpunit/persistence/MySQLTest.php" line="267" assertions="3" time="0.001462"/>
      <testcase name="testGetSessionTable" class="MySQLTest" file="/home/jhahn/Apps/eclipse-galileo/workspace/AgilePHP/test/phpunit/persistence/MySQLTest.php" line="277" assertions="3" time="0.001504"/>
      <testcase name="testGetSessionModel" class="MySQLTest" file="/home/jhahn/Apps/eclipse-galileo/workspace/AgilePHP/test/phpunit/persistence/MySQLTest.php" line="285" assertions="3" time="0.001302"/>
      <testcase name="testGetPrimaryKeyColumns" class="MySQLTest" file="/home/jhahn/Apps/eclipse-galileo/workspace/AgilePHP/test/phpunit/persistence/MySQLTest.php" line="295" assertions="4" time="0.001288"/>
      <testcase name="testGetForeignKeyColumns" class="MySQLTest" file="/home/jhahn/Apps/eclipse-galileo/workspace/AgilePHP/test/phpunit/persistence/MySQLTest.php" line="305" assertions="4" time="0.001266"/>
      <testcase name="testGetForeignKeys" class="MySQLTest" file="/home/jhahn/Apps/eclipse-galileo/workspace/AgilePHP/test/phpunit/persistence/MySQLTest.php" line="315" assertions="7" time="0.001423"/>
      <testcase name="testGetForeignKeyTableAndColumnInstances" class="MySQLTest" file="/home/jhahn/Apps/eclipse-galileo/workspace/AgilePHP/test/phpunit/persistence/MySQLTest.php" line="331" assertions="8" time="0.001421"/>
      <testcase name="testDrop" class="MySQLTest" file="/home/jhahn/Apps/eclipse-galileo/workspace/AgilePHP/test/phpunit/persistence/MySQLTest.php" line="345" assertions="0" time="0.017060"/>
      <testcase name="testAgilePHPNotNull" class="MySQLTest" file="/home/jhahn/Apps/eclipse-galileo/workspace/AgilePHP/test/phpunit/persistence/MySQLTest.php" line="16" assertions="2" time="0.001134"/>
    </testsuite>
    <testsuite name="InterceptorTest" file="/home/jhahn/Apps/eclipse-galileo/workspace/AgilePHP/test/phpunit/InterceptorTest.php" fullPackage="com.makeabyte.agilephp.test.interception" package="com.makeabyte.agilephp.test.interception" tests="5" assertions="6" failures="0" errors="0" time="0.244831">
      <testcase name="changeMethodParameterAndInjectLoggerTest" class="InterceptorTest" file="/home/jhahn/Apps/eclipse-galileo/workspace/AgilePHP/test/phpunit/InterceptorTest.php" line="15" assertions="1" time="0.233856"/>
      <testcase name="LoggerInterceptorTest" class="InterceptorTest" file="/home/jhahn/Apps/eclipse-galileo/workspace/AgilePHP/test/phpunit/InterceptorTest.php" line="27" assertions="1" time="0.002853"/>
      <testcase name="RestrictInterceptorTest" class="InterceptorTest" file="/home/jhahn/Apps/eclipse-galileo/workspace/AgilePHP/test/phpunit/InterceptorTest.php" line="37" assertions="1" time="0.003622"/>
      <testcase name="LoggedInInterceptorTest" class="InterceptorTest" file="/home/jhahn/Apps/eclipse-galileo/workspace/AgilePHP/test/phpunit/InterceptorTest.php" line="54" assertions="1" time="0.003213"/>
      <testcase name="testAgilePHPNotNull" class="InterceptorTest" file="/home/jhahn/Apps/eclipse-galileo/workspace/AgilePHP/test/phpunit/InterceptorTest.php" line="16" assertions="2" time="0.001287"/>
    </testsuite>
    <testsuite name="SoapRpcEncodedTest" file="/home/jhahn/Apps/eclipse-galileo/workspace/AgilePHP/test/phpunit/SoapRpcEncodedTest.php" fullPackage="com.makeabyte.agilephp.test.webservice.soap" package="com.makeabyte.agilephp.test.webservice.soap" tests="12" assertions="27" failures="0" errors="0" time="2.871048">
      <testcase name="testShowAvailableMethods" class="SoapRpcEncodedTest" file="/home/jhahn/Apps/eclipse-galileo/workspace/AgilePHP/test/phpunit/SoapRpcEncodedTest.php" line="33" assertions="1" time="0.001428"/>
      <testcase name="testTest" class="SoapRpcEncodedTest" file="/home/jhahn/Apps/eclipse-galileo/workspace/AgilePHP/test/phpunit/SoapRpcEncodedTest.php" line="38" assertions="1" time="0.247069"/>
      <testcase name="testAdd" class="SoapRpcEncodedTest" file="/home/jhahn/Apps/eclipse-galileo/workspace/AgilePHP/test/phpunit/SoapRpcEncodedTest.php" line="44" assertions="1" time="0.251491"/>
      <testcase name="testSubtract" class="SoapRpcEncodedTest" file="/home/jhahn/Apps/eclipse-galileo/workspace/AgilePHP/test/phpunit/SoapRpcEncodedTest.php" line="50" assertions="1" time="0.261228"/>
      <testcase name="testMultiply" class="SoapRpcEncodedTest" file="/home/jhahn/Apps/eclipse-galileo/workspace/AgilePHP/test/phpunit/SoapRpcEncodedTest.php" line="56" assertions="1" time="0.262058"/>
      <testcase name="testDivide" class="SoapRpcEncodedTest" file="/home/jhahn/Apps/eclipse-galileo/workspace/AgilePHP/test/phpunit/SoapRpcEncodedTest.php" line="62" assertions="1" time="0.263540"/>
      <testcase name="testObjectParameterTest" class="SoapRpcEncodedTest" file="/home/jhahn/Apps/eclipse-galileo/workspace/AgilePHP/test/phpunit/SoapRpcEncodedTest.php" line="68" assertions="1" time="0.261452"/>
      <testcase name="testArrayStringTest" class="SoapRpcEncodedTest" file="/home/jhahn/Apps/eclipse-galileo/workspace/AgilePHP/test/phpunit/SoapRpcEncodedTest.php" line="74" assertions="3" time="0.263064"/>
      <testcase name="testArrayOfObjectsTest" class="SoapRpcEncodedTest" file="/home/jhahn/Apps/eclipse-galileo/workspace/AgilePHP/test/phpunit/SoapRpcEncodedTest.php" line="82" assertions="7" time="0.259979"/>
      <testcase name="testArrayOfArraysTest" class="SoapRpcEncodedTest" file="/home/jhahn/Apps/eclipse-galileo/workspace/AgilePHP/test/phpunit/SoapRpcEncodedTest.php" line="95" assertions="7" time="0.263122"/>
      <testcase name="testArrayAddTest" class="SoapRpcEncodedTest" file="/home/jhahn/Apps/eclipse-galileo/workspace/AgilePHP/test/phpunit/SoapRpcEncodedTest.php" line="107" assertions="1" time="0.535318"/>
      <testcase name="testAgilePHPNotNull" class="SoapRpcEncodedTest" file="/home/jhahn/Apps/eclipse-galileo/workspace/AgilePHP/test/phpunit/SoapRpcEncodedTest.php" line="16" assertions="2" time="0.001298"/>
    </testsuite>
    <testsuite name="BaseTest" file="/home/jhahn/Apps/eclipse-galileo/workspace/AgilePHP/test/phpunit/BaseTest.php" fullPackage="com.makeabyte.agilephp.test" package="com.makeabyte.agilephp.test" tests="1" assertions="2" failures="0" errors="0" time="0.001302">
      <testcase name="testAgilePHPNotNull" class="BaseTest" file="/home/jhahn/Apps/eclipse-galileo/workspace/AgilePHP/test/phpunit/BaseTest.php" line="16" assertions="2" time="0.001302"/>
    </testsuite>
    <testsuite name="SysLoggerTest" file="/home/jhahn/Apps/eclipse-galileo/workspace/AgilePHP/test/phpunit/SysLoggerTest.php" fullPackage="com.makeabyte.agilephp.test.logger" package="com.makeabyte.agilephp.test.logger" tests="5" assertions="2" failures="0" errors="0" time="0.018204">
      <testcase name="info" class="SysLoggerTest" file="/home/jhahn/Apps/eclipse-galileo/workspace/AgilePHP/test/phpunit/SysLoggerTest.php" line="17" assertions="0" time="0.012607"/>
      <testcase name="warn" class="SysLoggerTest" file="/home/jhahn/Apps/eclipse-galileo/workspace/AgilePHP/test/phpunit/SysLoggerTest.php" line="28" assertions="0" time="0.001464"/>
      <testcase name="error" class="SysLoggerTest" file="/home/jhahn/Apps/eclipse-galileo/workspace/AgilePHP/test/phpunit/SysLoggerTest.php" line="39" assertions="0" time="0.001399"/>
      <testcase name="debug" class="SysLoggerTest" file="/home/jhahn/Apps/eclipse-galileo/workspace/AgilePHP/test/phpunit/SysLoggerTest.php" line="50" assertions="0" time="0.001438"/>
      <testcase name="testAgilePHPNotNull" class="SysLoggerTest" file="/home/jhahn/Apps/eclipse-galileo/workspace/AgilePHP/test/phpunit/SysLoggerTest.php" line="16" assertions="2" time="0.001296"/>
    </testsuite>
  </testsuite>
</testsuites>
